#
# There is insufficient memory for the Java Runtime Environment to continue.
# Native memory allocation (mmap) failed to map 266338304 bytes for Failed to commit area from 0x0000000703600000 to 0x0000000713400000 of length 266338304.
# Possible reasons:
#   The system is out of physical RAM or swap space
#   The process is running with CompressedOops enabled, and the Java Heap may be blocking the growth of the native heap
# Possible solutions:
#   Reduce memory load on the system
#   Increase physical memory or swap space
#   Check if swap backing store is full
#   Decrease Java heap size (-Xmx/-Xms)
#   Decrease number of Java threads
#   Decrease Java thread stack sizes (-Xss)
#   Set larger code cache with -XX:ReservedCodeCacheSize=
# This output file may be truncated or incomplete.
#
#  Out of Memory Error (./src/hotspot/os/windows/os_windows.cpp:3619), pid=24880, tid=23848
#
# JRE version:  (11.0.13) (build )
# Java VM: OpenJDK 64-Bit Server VM (11.0.13+0-b1751.21-8125866, mixed mode, sharing, tiered, compressed oops, g1 gc, windows-amd64)
# No core dump will be written. Minidumps are not enabled by default on client versions of Windows
#

---------------  S U M M A R Y ------------

Command Line: 

Host: 11th Gen Intel(R) Core(TM) i5-11320H @ 3.20GHz, 8 cores, 15G,  Windows 11 , 64 bit Build 22621 (10.0.22621.755)
Time: Fri Nov 25 12:58:31 2022 India Standard Time elapsed time: 0.008168 seconds (0d 0h 0m 0s)

---------------  T H R E A D  ---------------

Current thread (0x0000025bcee38800):  JavaThread "Unknown thread" [_thread_in_vm, id=23848, stack(0x000000ec6f600000,0x000000ec6f700000)]

Stack: [0x000000ec6f600000,0x000000ec6f700000]
Native frames: (J=compiled Java code, j=interpreted, Vv=VM code, C=native code)
V  [jvm.dll+0x6100fa]
V  [jvm.dll+0x747090]
V  [jvm.dll+0x7486ad]
V  [jvm.dll+0x748d83]
V  [jvm.dll+0x24ab48]
V  [jvm.dll+0x60d164]
V  [jvm.dll+0x601e75]
V  [jvm.dll+0x308bdb]
V  [jvm.dll+0x308b4a]
V  [jvm.dll+0x308a22]
V  [jvm.dll+0x30d986]
V  [jvm.dll+0x357093]
V  [jvm.dll+0x357796]
V  [jvm.dll+0x357193]
V  [jvm.dll+0x2e3448]
V  [jvm.dll+0x2e45f7]
V  [jvm.dll+0x7242e7]
V  [jvm.dll+0x725adc]
V  [jvm.dll+0x364629]
V  [jvm.dll+0x707cee]
V  [jvm.dll+0x3d2633]
V  [jvm.dll+0x3d4a21]
C  [jli.dll+0x536b]
C  [ucrtbase.dll+0x29363]
C  [KERNEL32.DLL+0x1244d]
C  [ntdll.dll+0x5dfb8]


---------------  P R O C E S S  ---------------

Threads class SMR info:
_java_thread_list=0x0000025bccd56d50, length=0, elements={
}

Java Threads: ( => current thread )

Other Threads:
  0x0000025bcee4f000 GCTaskThread "GC Thread#0" [stack: 0x000000ec6f700000,0x000000ec6f800000] [id=24776]
  0x0000025bceeae800 ConcurrentGCThread "G1 Main Marker" [stack: 0x000000ec6f800000,0x000000ec6f900000] [id=30056]
  0x0000025bceeb1800 ConcurrentGCThread "G1 Conc#0" [stack: 0x000000ec6f900000,0x000000ec6fa00000] [id=28580]

[error occurred during error reporting (printing all threads), id 0xc0000005, EXCEPTION_ACCESS_VIOLATION (0xc0000005) at pc=0x00007ff808de3dd7]

VM state:not at safepoint (not fully initialized)

VM Mutex/Monitor currently owned by a thread:  ([mutex/lock_event])
[0x0000025bcee36510] Heap_lock - owner thread: 0x0000025bcee38800

Heap address: 0x0000000703600000, size: 4042 MB, Compressed Oops mode: Non-zero based: 0x0000000703600000
Narrow klass base: 0x0000000000000000, Narrow klass shift: 0

GC Heap History (0 events):
No events

Deoptimization events (0 events):
No events

Classes redefined (0 events):
No events

Internal exceptions (0 events):
No events

Events (1 events):
Event: 0.005 Loaded shared library C:\Program Files\Android\Android Studio\jre\bin\zip.dll


Dynamic libraries:
0x00007ff6ef600000 - 0x00007ff6ef60a000 	C:\Program Files\Android\Android Studio\jre\bin\java.EXE
0x00007ff896350000 - 0x00007ff896564000 	C:\WINDOWS\SYSTEM32\ntdll.dll
0x00007ff8954e0000 - 0x00007ff8955a2000 	C:\WINDOWS\System32\KERNEL32.DLL
0x00007ff893800000 - 0x00007ff893b9d000 	C:\WINDOWS\System32\KERNELBASE.dll
0x00007ff893f20000 - 0x00007ff894031000 	C:\WINDOWS\System32\ucrtbase.dll
0x00007ff889be0000 - 0x00007ff889bf7000 	C:\Program Files\Android\Android Studio\jre\bin\VCRUNTIME140.dll
0x00007ff883ae0000 - 0x00007ff883af9000 	C:\Program Files\Android\Android Studio\jre\bin\jli.dll
0x00007ff8959c0000 - 0x00007ff895b6a000 	C:\WINDOWS\System32\USER32.dll
0x00007ff893ef0000 - 0x00007ff893f16000 	C:\WINDOWS\System32\win32u.dll
0x00007ff86cc80000 - 0x00007ff86cf0e000 	C:\WINDOWS\WinSxS\amd64_microsoft.windows.common-controls_6595b64144ccf1df_6.0.22621.608_none_a9444ca7c10bb01d\COMCTL32.dll
0x00007ff8942f0000 - 0x00007ff894319000 	C:\WINDOWS\System32\GDI32.dll
0x00007ff8961e0000 - 0x00007ff896287000 	C:\WINDOWS\System32\msvcrt.dll
0x00007ff893ba0000 - 0x00007ff893cb2000 	C:\WINDOWS\System32\gdi32full.dll
0x00007ff894040000 - 0x00007ff8940da000 	C:\WINDOWS\System32\msvcp_win.dll
0x00007ff895860000 - 0x00007ff895892000 	C:\WINDOWS\System32\IMM32.DLL
0x00007ff84d630000 - 0x00007ff84d6cd000 	C:\Program Files\Android\Android Studio\jre\bin\msvcp140.dll
0x00007ff808af0000 - 0x00007ff8095f2000 	C:\Program Files\Android\Android Studio\jre\bin\server\jvm.dll
0x00007ff895430000 - 0x00007ff8954de000 	C:\WINDOWS\System32\ADVAPI32.dll
0x00007ff8955b0000 - 0x00007ff895654000 	C:\WINDOWS\System32\sechost.dll
0x00007ff8958a0000 - 0x00007ff8959b5000 	C:\WINDOWS\System32\RPCRT4.dll
0x00007ff894850000 - 0x00007ff894858000 	C:\WINDOWS\System32\PSAPI.DLL
0x00007ff86d710000 - 0x00007ff86d719000 	C:\WINDOWS\SYSTEM32\WSOCK32.dll
0x00007ff880b10000 - 0x00007ff880b1a000 	C:\WINDOWS\SYSTEM32\VERSION.dll
0x00007ff888260000 - 0x00007ff888294000 	C:\WINDOWS\SYSTEM32\WINMM.dll
0x00007ff894610000 - 0x00007ff894681000 	C:\WINDOWS\System32\WS2_32.dll
0x00007ff8928e0000 - 0x00007ff8928f8000 	C:\WINDOWS\SYSTEM32\kernel.appcore.dll
0x00007ff8565c0000 - 0x00007ff8565d1000 	C:\Program Files\Android\Android Studio\jre\bin\verify.dll
0x00007ff891090000 - 0x00007ff8912be000 	C:\WINDOWS\SYSTEM32\DBGHELP.DLL
0x00007ff895040000 - 0x00007ff8953ca000 	C:\WINDOWS\System32\combase.dll
0x00007ff894690000 - 0x00007ff894767000 	C:\WINDOWS\System32\OLEAUT32.dll
0x00007ff884c70000 - 0x00007ff884ca2000 	C:\WINDOWS\SYSTEM32\dbgcore.DLL
0x00007ff893780000 - 0x00007ff8937fb000 	C:\WINDOWS\System32\bcryptPrimitives.dll
0x00007ff856590000 - 0x00007ff8565b9000 	C:\Program Files\Android\Android Studio\jre\bin\java.dll
0x00007ff882950000 - 0x00007ff88295b000 	C:\Program Files\Android\Android Studio\jre\bin\jimage.dll
0x00007ff856570000 - 0x00007ff856588000 	C:\Program Files\Android\Android Studio\jre\bin\zip.dll

dbghelp: loaded successfully - version: 4.0.5 - missing functions: none
symbol engine: initialized successfully - sym options: 0x614 - pdb path: .;C:\Program Files\Android\Android Studio\jre\bin;C:\WINDOWS\SYSTEM32;C:\WINDOWS\WinSxS\amd64_microsoft.windows.common-controls_6595b64144ccf1df_6.0.22621.608_none_a9444ca7c10bb01d;C:\Program Files\Android\Android Studio\jre\bin\server

VM Arguments:
java_command: <unknown>
java_class_path (initial): <not set>
Launcher Type: SUN_STANDARD

[Global flags]
     intx CICompilerCount                          = 4                                         {product} {ergonomic}
     uint ConcGCThreads                            = 2                                         {product} {ergonomic}
     uint G1ConcRefinementThreads                  = 8                                         {product} {ergonomic}
   size_t G1HeapRegionSize                         = 1048576                                   {product} {ergonomic}
    uintx GCDrainStackTargetSize                   = 64                                        {product} {ergonomic}
   size_t InitialHeapSize                          = 266338304                                 {product} {ergonomic}
   size_t MarkStackSize                            = 4194304                                   {product} {ergonomic}
   size_t MaxHeapSize                              = 4238344192                                {product} {ergonomic}
   size_t MinHeapDeltaBytes                        = 1048576                                   {product} {ergonomic}
    uintx NonNMethodCodeHeapSize                   = 5836300                                {pd product} {ergonomic}
    uintx NonProfiledCodeHeapSize                  = 122910970                              {pd product} {ergonomic}
    uintx ProfiledCodeHeapSize                     = 122910970                              {pd product} {ergonomic}
    uintx ReservedCodeCacheSize                    = 251658240                              {pd product} {ergonomic}
     bool SegmentedCodeCache                       = true                                      {product} {ergonomic}
     bool UseCompressedClassPointers               = true                                 {lp64_product} {ergonomic}
     bool UseCompressedOops                        = true                                 {lp64_product} {ergonomic}
     bool UseG1GC                                  = true                                      {product} {ergonomic}
     bool UseLargePagesIndividualAllocation        = false                                  {pd product} {ergonomic}

Logging:
Log output configuration:
 #0: stdout all=warning uptime,level,tags
 #1: stderr all=off uptime,level,tags

Environment Variables:
PATH=C:\Program Files\Python311\Scripts\;C:\Program Files\Python311\;C:\Program Files (x86)\Common Files\Intel\Shared Libraries\redist\intel64\compiler;C:\ProgramData\Oracle\Java\javapath;C:\Windows\system32;C:\Windows;C:\Windows\System32\Wbem;C:\Windows\System32\WindowsPowerShell\v1.0\;C:\Windows\System32\OpenSSH\;C:\Program Files (x86)\NVIDIA Corporation\PhysX\Common;C:\Program Files\NVIDIA Corporation\NVIDIA NvDLISR;C:\MinGW\bin;C:\WINDOWS\system32;C:\WINDOWS;C:\WINDOWS\System32\Wbem;C:\WINDOWS\System32\WindowsPowerShell\v1.0\;C:\WINDOWS\System32\OpenSSH\;C:\Program Files\dotnet\;C:\Program Files\Python311;C:\Users\Sahil gavali\AppData\Local\Microsoft\WindowsApps;C:\Users\Sahil gavali\AppData\Local\Programs\Microsoft VS Code\bin;C:\Program Files\Java\jdk1.8.0_121\bin;C:\src\flutter\bin;C:\Program Files\Python311;;C:\src\flutter\bin\mingit\cmd
USERNAME=Sahil gavali
OS=Windows_NT
PROCESSOR_IDENTIFIER=Intel64 Family 6 Model 140 Stepping 2, GenuineIntel



---------------  S Y S T E M  ---------------

OS: Windows 11 , 64 bit Build 22621 (10.0.22621.755)
OS uptime: 2 days 17:50 hours

CPU:total 8 (initial active 8) (4 cores per cpu, 2 threads per core) family 6 model 140 stepping 2 microcode 0x16, cmov, cx8, fxsr, mmx, sse, sse2, sse3, ssse3, sse4.1, sse4.2, popcnt, avx, avx2, aes, clmul, erms, 3dnowpref, lzcnt, ht, tsc, tscinvbit, bmi1, bmi2, adx, evex, sha, fma

Memory: 4k page, system-wide physical 16167M (1260M free)
TotalPageFile size 51930M (AvailPageFile size 123M)
current process WorkingSet (physical memory assigned to process): 11M, peak: 11M
current process commit charge ("private bytes"): 60M, peak: 314M

vm_info: OpenJDK 64-Bit Server VM (11.0.13+0-b1751.21-8125866) for windows-amd64 JRE (11.0.13+0-b1751.21-8125866), built on Feb  2 2022 03:00:22 by "builder" with MS VC++ 14.0 (VS2015)

END.
